2026-02-05T13:20:52.124Z [apify] INFO  Scraping region: Burgundy (depth: 0)
2026-02-05T13:21:28.202Z [apify] INFO  Scraping region: Pommard (depth: 1)
2026-02-05T13:21:59.763Z [apify] INFO  Scraping region: Cremant De Bourgogne (depth: 1)
2026-02-05T13:22:25.684Z [apify] INFO  Scraping region: Bourgogne Mousseux (depth: 1)
2026-02-05T13:23:06.582Z [apify] INFO  Scraping region: Corton-Charlemagne (depth: 1)
2026-02-05T13:23:47.880Z [apify] INFO  Scraping region: Marsannay (depth: 1)
2026-02-05T13:24:24.575Z [apify] INFO  Scraping region: Saint-Romain (depth: 1)
2026-02-05T13:24:57.840Z [apify] INFO  Scraping region: Pouilly-Fuisse (depth: 1)
2026-02-05T13:25:27.102Z [apify] INFO  Scraping region: Eau-De-Vie De Marc De Bourgogne (depth: 1)
2026-02-05T13:25:49.408Z [apify] INFO  Scraping region: Clos De Vougeot (depth: 1)
2026-02-05T13:26:09.118Z [apify] INFO  Scraping region: Chassagne-Montrachet (depth: 1)
2026-02-05T13:26:38.083Z [apify] INFO  Scraping region: Bourgogne Cote Chalonnaise (depth: 1)
2026-02-05T13:27:07.965Z [apify] INFO  Scraping region: Saint-Veran (depth: 1)
2026-02-05T13:28:42.518Z [apify] INFO  Scraping region: Pouilly-Vinzelles (depth: 1)
2026-02-05T13:29:13.101Z [apify] INFO  Scraping region: Morey-Saint-Denis Monts Luisants (depth: 1)
2026-02-05T13:29:44.301Z [apify] INFO  Scraping region: Puligny-Montrachet (depth: 1)
2026-02-05T13:30:23.084Z [apify] INFO  Scraping region: Cote De Nuits-Villages (depth: 1)
2026-02-05T13:30:59.916Z [apify] INFO  Scraping region: Igp Coteaux De L%27Auxois (depth: 1)
2026-02-05T13:31:36.971Z [apify] INFO  Scraping region: Grand Auxerrois (depth: 1)
2026-02-05T13:32:03.713Z [apify] INFO  Scraping region: Bourgogne (depth: 1)
2026-02-05T13:32:33.071Z [apify] INFO  Scraping region: Rully (depth: 1)
2026-02-05T13:32:49.872Z [apify] INFO  Scraping region: Macon-Villages (depth: 1)
2026-02-05T13:33:36.238Z [apify] INFO  Scraping region: Pouilly-Loche (depth: 1)
2026-02-05T13:34:17.800Z [apify] INFO  Scraping region: Chablis Premier Cru (depth: 1)
2026-02-05T13:34:50.638Z [apify] INFO  Scraping region: Santenay (depth: 1)
2026-02-05T13:35:12.523Z [apify] INFO  Scraping region: Vougeot Le Clos Blanc (depth: 1)
2026-02-05T13:35:52.628Z [apify] INFO  Scraping region: Cote De Beaune (depth: 1)
2026-02-05T13:36:23.256Z [apify] INFO  Scraping region: Monthelie (depth: 1)
2026-02-05T13:37:03.184Z [apify] INFO  Scraping region: Bourgogne Aligote (depth: 1)
2026-02-05T13:38:05.827Z [apify] INFO  Scraping region: Morey-Saint-Denis (depth: 1)
2026-02-05T13:38:27.435Z [apify] INFO  Scraping region: Vosne-Romanee (depth: 1)
2026-02-05T13:38:49.886Z [apify] INFO  Scraping region: Bourgogne Montrecul (depth: 1)
2026-02-05T13:39:16.868Z [apify] INFO  Scraping region: Bourgogne Tonnerre (depth: 1)
2026-02-05T13:39:39.953Z [apify] INFO  Scraping region: Chablis (depth: 1)
2026-02-05T13:39:58.844Z [apify] INFO  Scraping region: Bourgogne Blanc (depth: 1)
2026-02-05T13:40:22.952Z [apify] INFO  Scraping region: Aloxe-Corton (depth: 1)
2026-02-05T13:40:33.681Z [apify] INFO  Scraping region: Auxey-Duresses (depth: 1)
2026-02-05T13:42:07.369Z [apify] INFO  Scraping region: Eau-De-Vie De Fine De Bourgogne (depth: 1)
2026-02-05T13:42:49.504Z [apify] INFO  Scraping region: Macon (depth: 1)
2026-02-05T13:43:21.575Z [apify] INFO  Scraping region: Blagny (depth: 1)
2026-02-05T13:43:53.137Z [apify] INFO  Scraping region: Chorey-Les-Beaune (depth: 1)
2026-02-05T13:44:28.531Z [apify] INFO  Scraping region: Saint-Bris (depth: 1)
2026-02-05T13:45:00.081Z [apify] INFO  Scraping region: Mercurey (depth: 1)
2026-02-05T13:45:31.704Z [apify] INFO  Scraping region: Maconnais (depth: 1)
2026-02-05T13:45:57.765Z [apify] INFO  Scraping region: Volnay (depth: 1)
2026-02-05T13:46:16.479Z [apify] INFO  Scraping region: Cote De Nuits (depth: 1)
2026-02-05T13:46:45.369Z [apify] INFO  Scraping region: Chambolle-Musigny (depth: 1)
2026-02-05T13:47:05.624Z [apify] INFO  Scraping region: Bourgogne Hautes Cotes De Beaune (depth: 1)
2026-02-05T13:47:19.294Z [apify] INFO  Scraping region: Vezelay (depth: 1)
2026-02-05T13:47:58.590Z [apify] INFO  Scraping region: Fixin (depth: 1)
2026-02-05T13:48:17.479Z [apify] INFO  Scraping region: Meursault (depth: 1)
2026-02-05T13:48:56.398Z [apify] INFO  Scraping region: Vougeot (depth: 1)
2026-02-05T13:49:50.664Z [apify] INFO  Scraping region: Bourgogne Le Chapitre (depth: 1)
2026-02-05T13:50:20.860Z [apify] INFO  Scraping region: Montrachet (depth: 1)
2026-02-05T13:51:08.672Z [apify] INFO  Scraping region: Flagey-Echezeaux (depth: 1)
2026-02-05T13:51:36.381Z [apify] INFO  Scraping region: Bourgogne Coulanges-La-Vineuse (depth: 1)
2026-02-05T13:51:54.091Z [apify] INFO  Scraping region: Petit Chablis (depth: 1)
2026-02-05T13:52:31.416Z [apify] INFO  Scraping region: Irancy (depth: 1)
2026-02-05T13:53:03.058Z [apify] INFO  Scraping region: Beaune (depth: 1)
2026-02-05T13:53:33.369Z [apify] INFO  Scraping region: Chablisien (depth: 1)
2026-02-05T13:54:05.080Z [apify] INFO  Scraping region: Ladoix (depth: 1)
2026-02-05T13:54:46.605Z [apify] INFO  Scraping region: Maranges (depth: 1)
2026-02-05T13:55:05.677Z [apify] INFO  Scraping region: Igp Sainte-Marie-La-Blanche (depth: 1)
2026-02-05T13:55:56.240Z [apify] INFO  Scraping region: Chablis Grand Cru (depth: 1)
2026-02-05T13:56:32.448Z [apify] INFO  Scraping region: Cote Chalonnaise (depth: 1)
2026-02-05T13:56:50.575Z [apify] INFO  Scraping region: Givry (depth: 1)
2026-02-05T13:57:37.571Z [apify] INFO  Scraping region: Bourgogne Cote Saint-Jacques (depth: 1)
2026-02-05T13:57:56.137Z [apify] INFO  Scraping region: Bourgogne Cote Du Couchois (depth: 1)
2026-02-05T13:58:28.796Z [apify] INFO  Scraping region: Bouzeron (depth: 1)
2026-02-05T13:59:11.437Z [apify] INFO  Scraping region: Montagny (depth: 1)
2026-02-05T13:59:31.067Z [apify] INFO  Scraping region: Vire-Clesse (depth: 1)
2026-02-05T13:59:42.734Z [apify] INFO  Scraping region: Bourgogne Chitry (depth: 1)
2026-02-05T14:01:19.392Z [apify] INFO  Scraping region: Pernand-Vergelesses (depth: 1)
2026-02-05T14:02:59.694Z [apify] INFO  Scraping region: Bourgogne Epineuil (depth: 1)
2026-02-05T14:03:42.732Z [apify] INFO  Scraping region: Bourgogne La Chapelle Notre-Dame (depth: 1)
2026-02-05T14:03:55.370Z [apify] INFO  Scraping region: Bourgogne Hautes Cotes De Nuits (depth: 1)
2026-02-05T14:05:31.182Z [apify] INFO  Scraping region: Saint-Aubin (depth: 1)
2026-02-05T14:06:05.899Z [apify] INFO  Scraping region: Savigny-Les-Beaune (depth: 1)
2026-02-05T14:06:29.169Z [apify] INFO  Scraping region: Nuits-Saint-Georges (depth: 1)
2026-02-05T14:07:27.329Z [apify] INFO  Scraping region: Gevrey-Chambertin (depth: 1)
2026-02-05T14:07:47.896Z [apify] INFO  Scraping region: Pommard Premier Cru (depth: 2)
2026-02-05T14:08:20.951Z [apify] INFO  Scraping region: Pommard Le Clos Micot (depth: 2)
2026-02-05T14:08:54.345Z [apify] INFO  Scraping region: Pommard Epenots (depth: 2)
2026-02-05T14:09:22.460Z [apify] INFO  Scraping region: Pommard Les Rugiens (depth: 2)
2026-02-05T14:09:47.871Z [apify] INFO  Scraping region: Corton Grand Cru (depth: 2)
2026-02-05T14:10:24.553Z [apify] INFO  Scraping region: Bourgogne Rose-Clairet (depth: 2)
2026-02-05T14:11:07.076Z [apify] INFO  Scraping region: Bourgogne Gamay (depth: 2)
2026-02-05T14:11:39.640Z [apify] INFO  Scraping region: Coteaux Bourguignons (depth: 2)
2026-02-05T14:11:57.498Z [apify] INFO  Scraping region: Bourgogne Rouge (depth: 2)
2026-02-05T14:12:34.970Z [apify] INFO  Scraping region: Bourgogne Cotes D%27Auxerre (depth: 2)
2026-02-05T14:13:23.068Z [apify] INFO  Scraping region: Bourgogne Passe-Tout-Grains (depth: 2)
2026-02-05T14:13:54.102Z [apify] INFO  Scraping region: Bourgogne Cote D%27Or (depth: 2)
2026-02-05T14:14:25.209Z [apify] INFO  Scraping region: Ladoix Basses Mourottes (depth: 2)
2026-02-05T14:14:58.365Z [apify] INFO  Scraping region: Ladoix Hautes Mourottes (depth: 2)
2026-02-05T14:15:31.188Z [apify] INFO  Scraping region: Ladoix Le Rognet Et Corton (depth: 2)
2026-02-05T14:17:22.715Z [apify] INFO  Scraping region: Corton Les Renardes (depth: 2)
2026-02-05T14:17:34.207Z [apify] INFO  Scraping region: Aloxe-Corton Premier Cru (depth: 2)
2026-02-05T14:18:09.528Z [apify] INFO  Scraping region: Cote De Beaune-Villages (depth: 2)
2026-02-05T14:18:39.097Z [apify] INFO  Scraping region: Pouilly-Fuisse Premier Cru (depth: 2)
2026-02-05T14:18:58.593Z [apify] INFO  Scraping region: Musigny (depth: 2)
2026-02-05T14:19:31.404Z [apify] INFO  Scraping region: Vougeot Premier Cru (depth: 2)
2026-02-05T14:19:59.009Z [apify] INFO  Scraping region: Grands-Echezeaux (depth: 2)
