2026-02-05T14:49:10.330Z [apify] INFO  Scraping region: Champagne (depth: 0)
2026-02-05T14:49:42.731Z [apify] INFO  Scraping region: Champagne Brut (depth: 1)
2026-02-05T14:50:09.183Z [apify] INFO  Scraping region: Coteaux Champenois (depth: 1)
2026-02-05T14:51:21.914Z [apify] INFO  Scraping region: Champagne Extra Dry (depth: 1)
2026-02-05T14:51:53.001Z [apify] INFO  Scraping region: Champagne Demi-Sec (depth: 1)
2026-02-05T14:52:14.690Z [apify] INFO  Scraping region: Champagne Doux (depth: 1)
2026-02-05T14:54:04.738Z [apify] INFO  Scraping region: Marc De Champagne (depth: 1)
2026-02-05T14:54:41.983Z [apify] INFO  Scraping region: Champagne Blanc De Blancs (depth: 1)
2026-02-05T14:55:09.129Z [apify] INFO  Scraping region: Rose Des Riceys (depth: 1)
2026-02-05T14:55:40.226Z [apify] INFO  Scraping region: Champagne Extra Brut (depth: 1)
2026-02-05T14:55:58.518Z [apify] INFO  Scraping region: Champagne Rose (depth: 1)
2026-02-05T14:56:29.025Z [apify] INFO  Scraping region: Champagne Blanc De Noirs (depth: 1)
2026-02-05T14:57:08.355Z [apify] INFO  Scraping region: Champagne Brut Nature - Zero (depth: 1)
2026-02-05T14:57:32.937Z [apify] INFO  Scraping region: Champagne Sec (depth: 1)
2026-02-05T14:58:40.023Z [apify] INFO  Scraping region: Cognac Fine Champagne (depth: 2)
2026-02-05T14:59:14.674Z [apify] INFO  Scraping region: Beaujolais Nouveau (depth: 2)
2026-02-05T15:02:17.302Z [apify] INFO  Scraping region: Bugey Cerdon (depth: 2)
2026-02-05T15:02:45.286Z [apify] INFO  Scraping region: Pineau Des Charentes (depth: 3)
2026-02-05T15:03:16.103Z [apify] INFO  Scraping region: Cognac (depth: 3)
2026-02-05T15:04:23.707Z [apify] INFO  Scraping region: Esprit De Cognac (depth: 3)
2026-02-05T15:06:40.106Z [apify] INFO  Scraping region: Cognac Petite Fine Champagne (depth: 3)
2026-02-05T15:07:08.477Z [apify] INFO  Scraping region: Cognac Petite Champagne (depth: 3)
2026-02-05T15:07:43.097Z [apify] INFO  Scraping region: Cognac Bois Ordinaires (depth: 3)
2026-02-05T15:08:00.846Z [apify] INFO  Scraping region: Cognac Borderies (depth: 3)
2026-02-05T15:08:34.795Z [apify] INFO  Scraping region: Cognac Fins Bois (depth: 3)
2026-02-05T15:08:52.999Z [apify] INFO  Scraping region: Cognac Grande Fine Champagne (depth: 3)
2026-02-05T15:09:20.414Z [apify] INFO  Scraping region: Cognac Grande Champagne (depth: 3)
2026-02-05T15:09:47.382Z [apify] INFO  Scraping region: Cognac Bons Bois (depth: 3)
2026-02-05T15:10:06.155Z [apify] INFO  Scraping region: Regnie (depth: 3)
2026-02-05T15:10:19.069Z [apify] INFO  Scraping region: Macon (depth: 3)
2026-02-05T15:10:52.199Z [apify] INFO  Scraping region: Chiroubles (depth: 3)
2026-02-05T15:11:43.479Z [apify] INFO  Scraping region: Moulin-A-Vent (depth: 3)
2026-02-05T15:12:22.378Z [apify] INFO  Scraping region: Cote De Brouilly (depth: 3)
2026-02-05T15:12:59.003Z [apify] INFO  Scraping region: Chenas (depth: 3)
2026-02-05T15:13:23.180Z [apify] INFO  Scraping region: Julienas (depth: 3)
2026-02-05T15:13:48.725Z [apify] INFO  Scraping region: Beaujolais Villages (depth: 3)
2026-02-05T15:14:20.118Z [apify] INFO  Scraping region: Morgon (depth: 3)
2026-02-05T15:14:44.869Z [apify] INFO  Scraping region: Saint-Amour (depth: 3)
2026-02-05T15:15:20.420Z [apify] INFO  Scraping region: Brouilly (depth: 3)
2026-02-05T15:15:44.023Z [apify] INFO  Scraping region: Fleurie (depth: 3)
2026-02-05T15:16:13.940Z [apify] INFO  Scraping region: Beaujolais Blanc (depth: 3)
2026-02-05T15:16:38.872Z [apify] INFO  Scraping region: Ventoux (depth: 3)
2026-02-05T15:16:56.868Z [apify] INFO  Scraping region: Roussette Du Bugey (depth: 3)
2026-02-05T15:17:37.002Z [apify] INFO  Scraping region: Bugey Manicle (depth: 3)
2026-02-05T15:18:01.744Z [apify] INFO  Scraping region: Clairette De Die Tradition (depth: 3)
2026-02-05T15:18:31.408Z [apify] INFO  Scraping region: Bugey (depth: 3)
2026-02-05T15:19:42.123Z [apify] INFO  Scraping region: Blanquette De Limoux Methode Ancestrale (depth: 3)
2026-02-05T15:19:54.859Z [apify] INFO  Scraping region: Bugey Montagnieu (depth: 3)
2026-02-05T15:20:29.089Z [apify] INFO  Scraping region: Floc De Gascogne (depth: 4)
2026-02-05T15:21:04.768Z [apify] INFO  Scraping region: Macvin Du Jura (depth: 4)
2026-02-05T15:21:23.513Z [apify] INFO  Scraping region: Armagnac (depth: 4)
2026-02-05T15:21:59.509Z [apify] INFO  Scraping region: Burgundy (depth: 4)
2026-02-05T15:22:32.166Z [apify] INFO  Scraping region: Vin De France - Vin De Table (depth: 4)
2026-02-05T15:23:35.241Z [apify] INFO  Scraping region: Igp Charentais (depth: 4)
2026-02-05T15:23:52.525Z [apify] INFO  Scraping region: Medoc (depth: 4)
2026-02-05T15:24:25.820Z [apify] INFO  Scraping region: Bergerac (depth: 4)
2026-02-05T15:24:50.273Z [apify] INFO  Scraping region: Fiefs Vendeens (depth: 4)
2026-02-05T15:25:10.859Z [apify] INFO  Scraping region: Burgundy %5Bbourgogne%5D (depth: 4)
2026-02-05T15:26:03.453Z [apify] INFO  Scraping region: Bourgogne Passe-Tout-Grains (depth: 4)
2026-02-05T15:26:37.192Z [apify] INFO  Scraping region: Macon Chaintre (depth: 4)
2026-02-05T15:26:50.023Z [apify] INFO  Scraping region: Macon Bray (depth: 4)
2026-02-05T15:29:33.060Z [apify] INFO  Scraping region: Macon Montbellet (depth: 4)
2026-02-05T15:30:23.492Z [apify] INFO  Scraping region: Macon Pierreclos (depth: 4)
2026-02-05T15:30:44.320Z [apify] INFO  Scraping region: Macon Davaye (depth: 4)
2026-02-05T15:31:13.421Z [apify] INFO  Scraping region: Macon Mancey (depth: 4)
2026-02-05T15:32:24.162Z [apify] INFO  Scraping region: Macon Burgy (depth: 4)
2026-02-05T15:33:18.730Z [apify] INFO  Scraping region: Macon Bussieres (depth: 4)
2026-02-05T15:36:05.405Z [apify] INFO  Scraping region: Macon Vinzelles (depth: 4)
2026-02-05T15:36:45.116Z [apify] INFO  Scraping region: Macon Ige (depth: 4)
2026-02-05T15:37:10.594Z [apify] INFO  Scraping region: Coteaux Bourguignons (depth: 4)
2026-02-05T15:37:42.563Z [apify] INFO  Scraping region: Pouilly-Fuisse (depth: 4)
2026-02-05T15:38:08.478Z [apify] INFO  Scraping region: Macon Prisse (depth: 4)
2026-02-05T15:38:26.099Z [apify] INFO  Scraping region: Macon Cruzille (depth: 4)
2026-02-05T15:39:25.231Z [apify] INFO  Scraping region: Macon Peronne (depth: 4)
2026-02-05T15:39:51.733Z [apify] INFO  Scraping region: Macon Saint-Gengoux (depth: 4)
2026-02-05T15:40:49.662Z [apify] INFO  Scraping region: Macon Loche (depth: 4)
2026-02-05T15:43:36.241Z [apify] INFO  Scraping region: Macon Serrieres (depth: 4)
2026-02-05T15:44:21.812Z [apify] INFO  Scraping region: Macon Aze (depth: 4)
2026-02-05T15:44:52.581Z [apify] INFO  Scraping region: Macon Solutre-Pouilly (depth: 4)
2026-02-05T15:45:19.156Z [apify] INFO  Scraping region: Cremant De Bourgogne (depth: 4)
2026-02-05T15:48:01.170Z [apify] INFO  Scraping region: Macon Verze (depth: 4)
2026-02-05T15:48:21.477Z [apify] INFO  Scraping region: Bourgogne (depth: 4)
2026-02-05T15:48:44.147Z [apify] INFO  Scraping region: Macon Lugny (depth: 4)
2026-02-05T15:49:07.877Z [apify] INFO  Scraping region: Macon Chardonnay (depth: 4)
